Traceback (most recent call last):
  File "/home/hjshin/.local/share/virtualenvs/jupyterbook-FP8BpiMX/lib/python3.8/site-packages/jupyter_cache/executors/utils.py", line 58, in single_nb_execution
    executenb(
  File "/home/hjshin/.local/share/virtualenvs/jupyterbook-FP8BpiMX/lib/python3.8/site-packages/nbclient/client.py", line 1305, in execute
    return NotebookClient(nb=nb, resources=resources, km=km, **kwargs).execute()
  File "/home/hjshin/.local/share/virtualenvs/jupyterbook-FP8BpiMX/lib/python3.8/site-packages/jupyter_core/utils/__init__.py", line 166, in wrapped
    return loop.run_until_complete(inner)
  File "/usr/lib/python3.8/asyncio/base_events.py", line 616, in run_until_complete
    return future.result()
  File "/home/hjshin/.local/share/virtualenvs/jupyterbook-FP8BpiMX/lib/python3.8/site-packages/nbclient/client.py", line 705, in async_execute
    await self.async_execute_cell(
  File "/home/hjshin/.local/share/virtualenvs/jupyterbook-FP8BpiMX/lib/python3.8/site-packages/nbclient/client.py", line 1058, in async_execute_cell
    await self._check_raise_for_error(cell, cell_index, exec_reply)
  File "/home/hjshin/.local/share/virtualenvs/jupyterbook-FP8BpiMX/lib/python3.8/site-packages/nbclient/client.py", line 914, in _check_raise_for_error
    raise CellExecutionError.from_cell_and_msg(cell, exec_reply_content)
nbclient.exceptions.CellExecutionError: An error occurred while executing the following cell:
------------------
import requests
from bs4 import BeautifulSoup

corp = '00108269' # ìƒ˜í”Œê¸°ì—…(ë†ì‹¬ì¼ˆë¡œê·¸)

resp = requests.get('https://opendart.fss.or.kr/api/company.xml', \
                    params={'crtfc_key':api_key, 'corp_code':corp})

soup = BeautifulSoup(resp.text, 'lxml-xml')
status = soup.find('status').text

if status != '000':
    print(status, '  api_Key is NOT working )-:')
else:
    print(status, '  api_key is working ^^')
------------------


[0;31m---------------------------------------------------------------------------[0m
[0;31mFeatureNotFound[0m                           Traceback (most recent call last)
Cell [0;32mIn[4], line 9[0m
[1;32m      4[0m corp [38;5;241m=[39m [38;5;124m'[39m[38;5;124m00108269[39m[38;5;124m'[39m [38;5;66;03m# ìƒ˜í”Œê¸°ì—…(ë†ì‹¬ì¼ˆë¡œê·¸)[39;00m
[1;32m      6[0m resp [38;5;241m=[39m requests[38;5;241m.[39mget([38;5;124m'[39m[38;5;124mhttps://opendart.fss.or.kr/api/company.xml[39m[38;5;124m'[39m, \
[1;32m      7[0m                     params[38;5;241m=[39m{[38;5;124m'[39m[38;5;124mcrtfc_key[39m[38;5;124m'[39m:api_key, [38;5;124m'[39m[38;5;124mcorp_code[39m[38;5;124m'[39m:corp})
[0;32m----> 9[0m soup [38;5;241m=[39m [43mBeautifulSoup[49m[43m([49m[43mresp[49m[38;5;241;43m.[39;49m[43mtext[49m[43m,[49m[43m [49m[38;5;124;43m'[39;49m[38;5;124;43mlxml-xml[39;49m[38;5;124;43m'[39;49m[43m)[49m
[1;32m     10[0m status [38;5;241m=[39m soup[38;5;241m.[39mfind([38;5;124m'[39m[38;5;124mstatus[39m[38;5;124m'[39m)[38;5;241m.[39mtext
[1;32m     12[0m [38;5;28;01mif[39;00m status [38;5;241m!=[39m [38;5;124m'[39m[38;5;124m000[39m[38;5;124m'[39m:

File [0;32m~/.local/share/virtualenvs/jupyterbook-FP8BpiMX/lib/python3.8/site-packages/bs4/__init__.py:250[0m, in [0;36mBeautifulSoup.__init__[0;34m(self, markup, features, builder, parse_only, from_encoding, exclude_encodings, element_classes, **kwargs)[0m
[1;32m    248[0m     builder_class [38;5;241m=[39m builder_registry[38;5;241m.[39mlookup([38;5;241m*[39mfeatures)
[1;32m    249[0m     [38;5;28;01mif[39;00m builder_class [38;5;129;01mis[39;00m [38;5;28;01mNone[39;00m:
[0;32m--> 250[0m         [38;5;28;01mraise[39;00m FeatureNotFound(
[1;32m    251[0m             [38;5;124m"[39m[38;5;124mCouldn[39m[38;5;124m'[39m[38;5;124mt find a tree builder with the features you [39m[38;5;124m"[39m
[1;32m    252[0m             [38;5;124m"[39m[38;5;124mrequested: [39m[38;5;132;01m%s[39;00m[38;5;124m. Do you need to install a parser library?[39m[38;5;124m"[39m
[1;32m    253[0m             [38;5;241m%[39m [38;5;124m"[39m[38;5;124m,[39m[38;5;124m"[39m[38;5;241m.[39mjoin(features))
[1;32m    255[0m [38;5;66;03m# At this point either we have a TreeBuilder instance in[39;00m
[1;32m    256[0m [38;5;66;03m# builder, or we have a builder_class that we can instantiate[39;00m
[1;32m    257[0m [38;5;66;03m# with the remaining **kwargs.[39;00m
[1;32m    258[0m [38;5;28;01mif[39;00m builder [38;5;129;01mis[39;00m [38;5;28;01mNone[39;00m:

[0;31mFeatureNotFound[0m: Couldn't find a tree builder with the features you requested: lxml-xml. Do you need to install a parser library?

